<?xml version="1.0" encoding="UTF-8"?>
<!-- Generated by org.testng.reporters.JUnitReportReporter -->
<testsuite hostname="LAPTOP-NAFBVQUV" failures="0" tests="2" name="TestSelenium.MavenTest.SeleniumTest" time="0.009" errors="0" timestamp="2022-05-10T18:20:18 IST" skipped="0">
  <testcase classname="TestSelenium.MavenTest.SeleniumTest" name="elementsui" time="0.001"/>
  <system-out/>
  <testcase classname="TestSelenium.MavenTest.SeleniumTest" name="browserAutomation" time="0.008"/>
  <system-out/>
</testsuite> <!-- TestSelenium.MavenTest.SeleniumTest -->
