<?xml version="1.0" encoding="UTF-8"?>
<!-- Generated by org.testng.reporters.JUnitReportReporter -->
<testsuite hostname="LAPTOP-NAFBVQUV" failures="0" tests="2" name="TestSelenium.MavenTest.Appiumtest" time="0.010" errors="0" timestamp="2022-05-10T18:13:41 IST" skipped="0">
  <testcase classname="TestSelenium.MavenTest.Appiumtest" name="IOSAPPS" time="0.009"/>
  <system-out/>
  <testcase classname="TestSelenium.MavenTest.Appiumtest" name="NativeAppAndroid" time="0.001"/>
  <system-out/>
</testsuite> <!-- TestSelenium.MavenTest.Appiumtest -->
