<?xml version="1.0" encoding="UTF-8"?>
<!-- Generated by org.testng.reporters.JUnitReportReporter -->
<testsuite hostname="LAPTOP-NAFBVQUV" failures="0" tests="1" name="TestSelenium.MavenTest.LoginJavaPageTest" time="18.593" errors="0" timestamp="2022-05-11T00:10:54 IST" skipped="0">
  <testcase classname="TestSelenium.MavenTest.LoginJavaPageTest" name="clickGoogleSearchTextBox" time="18.593"/>
  <system-out/>
</testsuite> <!-- TestSelenium.MavenTest.LoginJavaPageTest -->
