<?xml version="1.0" encoding="UTF-8"?>
<!-- Generated by org.testng.reporters.JUnitReportReporter -->
<testsuite hostname="LAPTOP-NAFBVQUV" failures="0" tests="2" name="TestSelenium.MavenTest.AppiuMTest" time="0.003" errors="0" timestamp="2022-05-10T18:48:19 IST" skipped="0">
  <testcase classname="TestSelenium.MavenTest.AppiuMTest" name="IOSAPPS" time="0.001"/>
  <system-out/>
  <testcase classname="TestSelenium.MavenTest.AppiuMTest" name="NativeAppAndroid" time="0.002"/>
  <system-out/>
</testsuite> <!-- TestSelenium.MavenTest.AppiuMTest -->
