<?xml version="1.0" encoding="UTF-8"?>
<!-- Generated by org.testng.reporters.JUnitReportReporter -->
<testsuite hostname="LAPTOP-NAFBVQUV" failures="0" tests="2" name="TestSelenium.MavenTest.RestApiTest" time="0.010" errors="0" timestamp="2022-05-10T18:48:19 IST" skipped="0">
  <testcase classname="TestSelenium.MavenTest.RestApiTest" name="postJira" time="0.000"/>
  <system-out/>
  <testcase classname="TestSelenium.MavenTest.RestApiTest" name="deleteTwitter" time="0.010"/>
  <system-out/>
</testsuite> <!-- TestSelenium.MavenTest.RestApiTest -->
